*** Starting uWSGI 2.0.20 (64bit) on [Mon May 30 05:30:47 2022] ***
compiled with version: 7.5.0 on 29 May 2022 17:23:40
os: Linux-4.4.0-1128-aws #142-Ubuntu SMP Fri Apr 16 12:42:33 UTC 2021
nodename: goorm
machine: x86_64
clock source: unix
pcre jit disabled
detected number of CPU cores: 8
current working directory: /workspace/mbittest
writing pidfile to /workspace/mbittest/tmp/MBIT.pid
detected binary path: /workspace/mbittest/venv/bin/uwsgi
chdir() to /workspace/mbittest/
your memory page size is 4096 bytes
detected max file descriptor number: 1024
building mime-types dictionary from file /etc/mime.types...554 entry found
lock engine: pthread robust mutexes
thunder lock: disabled (you can enable it with --thunder-lock)
uwsgi socket 0 bound to UNIX address /workspace/mbittest/tmp/MBIT.sock fd 3
*** WARNING: you are running uWSGI as root !!! (use the --uid flag) *** 
Python version: 3.7.4 (default, Nov  4 2020, 10:17:35)  [GCC 7.4.0]
PEP 405 virtualenv detected: /workspace/mbittest/venv/
Set PythonHome to /workspace/mbittest/venv/
Python main interpreter initialized at 0x556bd3d5f140
*** WARNING: you are running uWSGI as root !!! (use the --uid flag) *** 
python threads support enabled
your server socket listen backlog is limited to 100 connections
your mercy for graceful operations on workers is 60 seconds
mapped 154032 bytes (150 KB) for 1 cores
*** Operational MODE: single process ***
WSGI app 0 (mountpoint='') ready in 2 seconds on interpreter 0x556bd3d5f140 pid: 673 (default app)
*** WARNING: you are running uWSGI as root !!! (use the --uid flag) *** 
spawned uWSGI master process (pid: 673)
spawned uWSGI worker 1 (pid: 682, cores: 1)
subprocess 675 exited with code 0
[pid: 682|app: 0|req: 1/1] 172.17.0.1 () {58 vars in 4209 bytes} [Mon May 30 05:30:50 2022] GET /?t=1653888665293 => generated 2271 bytes in 317 msecs (HTTP/1.1 200) 5 headers in 167 bytes (1 switches on core 0)
Not Found: /favicon.ico
[pid: 682|app: 0|req: 2/2] 172.17.0.1 () {54 vars in 4094 bytes} [Mon May 30 05:30:51 2022] GET /favicon.ico => generated 2809 bytes in 66 msecs (HTTP/1.1 404) 5 headers in 159 bytes (1 switches on core 0)
[pid: 682|app: 0|req: 3/3] 172.17.0.1 () {58 vars in 4217 bytes} [Mon May 30 05:30:52 2022] GET /form/ => generated 35251 bytes in 148 msecs (HTTP/1.1 200) 7 headers in 350 bytes (1 switches on core 0)
SIGINT/SIGTERM received...killing workers...
worker 1 buried after 1 seconds
goodbye to uWSGI.
VACUUM: pidfile removed.
VACUUM: unix socket /workspace/mbittest/tmp/MBIT.sock removed.
*** Starting uWSGI 2.0.20 (64bit) on [Mon May 30 05:34:09 2022] ***
compiled with version: 7.5.0 on 29 May 2022 17:23:40
os: Linux-4.4.0-1128-aws #142-Ubuntu SMP Fri Apr 16 12:42:33 UTC 2021
nodename: goorm
machine: x86_64
clock source: unix
pcre jit disabled
detected number of CPU cores: 8
current working directory: /workspace/mbittest
writing pidfile to /workspace/mbittest/tmp/MBIT.pid
detected binary path: /workspace/mbittest/venv/bin/uwsgi
chdir() to /workspace/mbittest/
your memory page size is 4096 bytes
detected max file descriptor number: 1024
building mime-types dictionary from file /etc/mime.types...554 entry found
lock engine: pthread robust mutexes
thunder lock: disabled (you can enable it with --thunder-lock)
uwsgi socket 0 bound to UNIX address /workspace/mbittest/tmp/MBIT.sock fd 3
*** WARNING: you are running uWSGI as root !!! (use the --uid flag) *** 
Python version: 3.7.4 (default, Nov  4 2020, 10:17:35)  [GCC 7.4.0]
PEP 405 virtualenv detected: /workspace/mbittest/venv/
Set PythonHome to /workspace/mbittest/venv/
Python main interpreter initialized at 0x55d252d27140
*** WARNING: you are running uWSGI as root !!! (use the --uid flag) *** 
python threads support enabled
your server socket listen backlog is limited to 100 connections
your mercy for graceful operations on workers is 60 seconds
mapped 154032 bytes (150 KB) for 1 cores
*** Operational MODE: single process ***
WSGI app 0 (mountpoint='') ready in 1 seconds on interpreter 0x55d252d27140 pid: 815 (default app)
*** WARNING: you are running uWSGI as root !!! (use the --uid flag) *** 
spawned uWSGI master process (pid: 815)
spawned uWSGI worker 1 (pid: 818, cores: 1)
subprocess 816 exited with code 0
[pid: 818|app: 0|req: 1/1] 172.17.0.1 () {58 vars in 4209 bytes} [Mon May 30 05:34:12 2022] GET /?t=1653888867730 => generated 2271 bytes in 60 msecs (HTTP/1.1 200) 5 headers in 167 bytes (1 switches on core 0)
[pid: 818|app: 0|req: 2/2] 172.17.0.1 () {58 vars in 4217 bytes} [Mon May 30 05:34:14 2022] GET /form/ => generated 35251 bytes in 185 msecs (HTTP/1.1 200) 7 headers in 350 bytes (1 switches on core 0)
[pid: 818|app: 0|req: 3/3] 172.17.0.1 () {66 vars in 4408 bytes} [Mon May 30 05:34:35 2022] POST /submit/ => generated 0 bytes in 74 msecs (HTTP/1.1 302) 6 headers in 188 bytes (1 switches on core 0)
[pid: 818|app: 0|req: 4/4] 172.17.0.1 () {60 vars in 4243 bytes} [Mon May 30 05:34:35 2022] GET /result/2 => generated 7116 bytes in 5 msecs (HTTP/1.1 200) 5 headers in 167 bytes (1 switches on core 0)
[pid: 818|app: 0|req: 5/5] 172.17.0.1 () {58 vars in 4199 bytes} [Mon May 30 05:34:41 2022] GET / => generated 2271 bytes in 4 msecs (HTTP/1.1 200) 5 headers in 167 bytes (1 switches on core 0)
SIGINT/SIGTERM received...killing workers...
worker 1 buried after 1 seconds
goodbye to uWSGI.
VACUUM: pidfile removed.
VACUUM: unix socket /workspace/mbittest/tmp/MBIT.sock removed.
*** Starting uWSGI 2.0.20 (64bit) on [Mon May 30 06:40:33 2022] ***
compiled with version: 7.5.0 on 29 May 2022 17:23:40
os: Linux-4.4.0-1128-aws #142-Ubuntu SMP Fri Apr 16 12:42:33 UTC 2021
nodename: goorm
machine: x86_64
clock source: unix
pcre jit disabled
detected number of CPU cores: 8
current working directory: /workspace/mbittest
writing pidfile to /workspace/mbittest/tmp/MBIT.pid
detected binary path: /workspace/mbittest/venv/bin/uwsgi
chdir() to /workspace/mbittest/
your memory page size is 4096 bytes
detected max file descriptor number: 1024
building mime-types dictionary from file /etc/mime.types...554 entry found
lock engine: pthread robust mutexes
thunder lock: disabled (you can enable it with --thunder-lock)
uwsgi socket 0 bound to UNIX address /workspace/mbittest/tmp/MBIT.sock fd 3
*** WARNING: you are running uWSGI as root !!! (use the --uid flag) *** 
Python version: 3.7.4 (default, Nov  4 2020, 10:17:35)  [GCC 7.4.0]
PEP 405 virtualenv detected: /workspace/mbittest/venv/
Set PythonHome to /workspace/mbittest/venv/
Python main interpreter initialized at 0x55a2808c3140
*** WARNING: you are running uWSGI as root !!! (use the --uid flag) *** 
python threads support enabled
your server socket listen backlog is limited to 100 connections
your mercy for graceful operations on workers is 60 seconds
mapped 154032 bytes (150 KB) for 1 cores
*** Operational MODE: single process ***
WSGI app 0 (mountpoint='') ready in 2 seconds on interpreter 0x55a2808c3140 pid: 408 (default app)
*** WARNING: you are running uWSGI as root !!! (use the --uid flag) *** 
spawned uWSGI master process (pid: 408)
spawned uWSGI worker 1 (pid: 415, cores: 1)
subprocess 413 exited with code 0
[pid: 415|app: 0|req: 1/1] 172.17.0.1 () {58 vars in 4209 bytes} [Mon May 30 06:41:17 2022] GET /?t=1653892891479 => generated 2271 bytes in 158 msecs (HTTP/1.1 200) 5 headers in 167 bytes (1 switches on core 0)
[pid: 415|app: 0|req: 2/2] 172.17.0.1 () {58 vars in 4217 bytes} [Mon May 30 06:41:19 2022] GET /form/ => generated 35251 bytes in 224 msecs (HTTP/1.1 200) 7 headers in 350 bytes (1 switches on core 0)
[pid: 415|app: 0|req: 3/3] 172.17.0.1 () {66 vars in 4408 bytes} [Mon May 30 06:41:42 2022] POST /submit/ => generated 0 bytes in 51 msecs (HTTP/1.1 302) 6 headers in 188 bytes (1 switches on core 0)
[pid: 415|app: 0|req: 4/4] 172.17.0.1 () {60 vars in 4243 bytes} [Mon May 30 06:41:42 2022] GET /result/2 => generated 7116 bytes in 7 msecs (HTTP/1.1 200) 5 headers in 167 bytes (1 switches on core 0)
[pid: 415|app: 0|req: 5/5] 172.17.0.1 () {58 vars in 4199 bytes} [Mon May 30 06:41:59 2022] GET / => generated 2271 bytes in 4 msecs (HTTP/1.1 200) 5 headers in 167 bytes (1 switches on core 0)
SIGINT/SIGTERM received...killing workers...
worker 1 buried after 1 seconds
goodbye to uWSGI.
VACUUM: pidfile removed.
VACUUM: unix socket /workspace/mbittest/tmp/MBIT.sock removed.
